[2025-04-29 00:59:12] === 开始同步流程 ===
[2025-04-29 00:59:12] 文件复制成功: 发货计划（宜宾项目）汇总.xlsx
[2025-04-29 00:59:17] === 同步成功 ===
[2025-04-29 01:02:04] === 开始同步流程 ===
[2025-04-29 01:02:04] 文件复制成功: 发货计划（宜宾项目）汇总.xlsx
[2025-04-29 01:02:27] === 同步成功 ===
[2025-04-29 01:06:24] === 开始同步流程 ===
[2025-04-29 01:06:24] 文件复制成功: 发货计划（宜宾项目）汇总.xlsx
[2025-04-29 01:06:29] === 同步成功 ===
[2025-04-29 01:07:44] === 开始同步流程 ===
[2025-04-29 01:07:44] 文件复制成功: 发货计划（宜宾项目）汇总.xlsx
[Tue Apr 29 01:11:50     2025] 文件复制成功: -rw-r--r-- 1 Administrator 197121 421422 Apr 29 01:11 发货计划（宜宾项目）汇总.xlsx
[main 15557b6] 自动更新: 2025-04-29 01:11:50
 2 files changed, 29 insertions(+)
 create mode 100644 auto_push.sh
To github.com:monizhou/TVBOX.git
   799deed..15557b6  main -> main
[Tue Apr 29 01:11:54     2025] 同步成功
[Tue Apr 29 01:13:20     2025] 文件复制成功: -rw-r--r-- 1 Administrator 197121 421442 Apr 29 01:13 发货计划（宜宾项目）汇总.xlsx
[main a5936ba] 自动更新: 2025-04-29 01:13:20
 2 files changed, 7 insertions(+)
To github.com:monizhou/TVBOX.git
   15557b6..a5936ba  main -> main
[Tue Apr 29 01:13:25     2025] 同步成功
[Tue Apr 29 01:14:24     2025] 文件复制成功: -rw-r--r-- 1 Administrator 197121 421421 Apr 29 01:14 发货计划（宜宾项目）汇总.xlsx
[main 71334b0] 自动更新: 2025-04-29 01:14:24
 2 files changed, 6 insertions(+)
To github.com:monizhou/TVBOX.git
   a5936ba..71334b0  main -> main
[Tue Apr 29 01:14:31     2025] 同步成功
[2025-04-29 01:18:56] 文件复制成功: -rw-r--r-- 1 Administrator 197121 421558 Apr 29 01:18 发货计划（宜宾项目）汇总.xlsx
[main 521208c] 自动更新: 2025-04-29 01:18:56
 3 files changed, 52 insertions(+), 19 deletions(-)
To github.com:monizhou/TVBOX.git
   71334b0..521208c  main -> main
[2025-04-29 01:19:01] 同步成功
[2025-04-29 01:19:02] 文件复制成功: -rw-r--r-- 1 Administrator 197121 421558 Apr 29 01:19 发货计划（宜宾项目）汇总.xlsx
[main 3cd7898] 自动更新: 2025-04-29 01:19:02
 1 file changed, 6 insertions(+)
To github.com:monizhou/TVBOX.git
   521208c..3cd7898  main -> main
[2025-04-29 01:19:06] 同步成功
[2025-04-29 01:19:11] 文件复制成功: -rw-r--r-- 1 Administrator 197121 421558 Apr 29 01:19 发货计划（宜宾项目）汇总.xlsx
[main 5b60492] 自动更新: 2025-04-29 01:19:11
 1 file changed, 6 insertions(+)
To github.com:monizhou/TVBOX.git
   3cd7898..5b60492  main -> main
r 197121 421558 Apr 29 01:19 发货计划（宜宾项目）汇总.xlsx
[main d4cda40] 自动更新: 2025-04-29 01:19:14
 1 file changed, 3 insertions(+)
To github.com:monizhou/TVBOX.git
   5b60492..d4cda40  main -> main
[2025-04-29 01:19:18] 同步成功
[2025-04-29 01:19:23] 文件复制成功: -rw-r--r-- 1 Administrator 197121 421558 Apr 29 01:19 发货计划（宜宾项目）汇总.xlsx
